This is pdfTeX, Version 3.14159265-2.6-1.40.20 (TeX Live 2019) (preloaded format=pdflatex 2020.3.16)  15 MAR 2023 06:02
entering extended mode
 restricted \write18 enabled.
 %&-line parsing enabled.
**Final.tex
(./Final.tex
LaTeX2e <2018-12-01>
(/usr/local/texlive/2019/texmf-dist/tex/latex/base/article.cls
Document Class: article 2018/09/03 v1.4i Standard LaTeX document class
(/usr/local/texlive/2019/texmf-dist/tex/latex/base/size10.clo
File: size10.clo 2018/09/03 v1.4i Standard LaTeX file (size option)
)
\c@part=\count80
\c@section=\count81
\c@subsection=\count82
\c@subsubsection=\count83
\c@paragraph=\count84
\c@subparagraph=\count85
\c@figure=\count86
\c@table=\count87
\abovecaptionskip=\skip41
\belowcaptionskip=\skip42
\bibindent=\dimen102
) (/usr/local/texlive/2019/texmf-dist/tex/latex/amsmath/amsmath.sty
Package: amsmath 2018/12/01 v2.17b AMS math features
\@mathmargin=\skip43
For additional information on amsmath, use the `?' option.
(/usr/local/texlive/2019/texmf-dist/tex/latex/amsmath/amstext.sty
Package: amstext 2000/06/29 v2.01 AMS text
(/usr/local/texlive/2019/texmf-dist/tex/latex/amsmath/amsgen.sty
File: amsgen.sty 1999/11/30 v2.0 generic functions
\@emptytoks=\toks14
\ex@=\dimen103
)) (/usr/local/texlive/2019/texmf-dist/tex/latex/amsmath/amsbsy.sty
Package: amsbsy 1999/11/29 v1.2d Bold Symbols
\pmbraise@=\dimen104
) (/usr/local/texlive/2019/texmf-dist/tex/latex/amsmath/amsopn.sty
Package: amsopn 2016/03/08 v2.02 operator names
)
\inf@bad=\count88
LaTeX Info: Redefining \frac on input line 223.
\uproot@=\count89
\leftroot@=\count90
LaTeX Info: Redefining \overline on input line 385.
\classnum@=\count91
\DOTSCASE@=\count92
LaTeX Info: Redefining \ldots on input line 482.
LaTeX Info: Redefining \dots on input line 485.
LaTeX Info: Redefining \cdots on input line 606.
\Mathstrutbox@=\box27
\strutbox@=\box28
\big@size=\dimen105
LaTeX Font Info:    Redeclaring font encoding OML on input line 729.
LaTeX Font Info:    Redeclaring font encoding OMS on input line 730.
\macc@depth=\count93
\c@MaxMatrixCols=\count94
\dotsspace@=\muskip10
\c@parentequation=\count95
\dspbrk@lvl=\count96
\tag@help=\toks15
\row@=\count97
\column@=\count98
\maxfields@=\count99
\andhelp@=\toks16
\eqnshift@=\dimen106
\alignsep@=\dimen107
\tagshift@=\dimen108
\tagwidth@=\dimen109
\totwidth@=\dimen110
\lineht@=\dimen111
\@envbody=\toks17
\multlinegap=\skip44
\multlinetaggap=\skip45
\mathdisplay@stack=\toks18
LaTeX Info: Redefining \[ on input line 2844.
LaTeX Info: Redefining \] on input line 2845.
) (/usr/local/texlive/2019/texmf-dist/tex/latex/amsfonts/amssymb.sty
Package: amssymb 2013/01/14 v3.01 AMS font symbols
(/usr/local/texlive/2019/texmf-dist/tex/latex/amsfonts/amsfonts.sty
Package: amsfonts 2013/01/14 v3.01 Basic AMSFonts support
\symAMSa=\mathgroup4
\symAMSb=\mathgroup5
LaTeX Font Info:    Overwriting math alphabet `\mathfrak' in version `bold'
(Font)                  U/euf/m/n --> U/euf/b/n on input line 106.
)) (/usr/local/texlive/2019/texmf-dist/tex/latex/lm/lmodern.sty
Package: lmodern 2009/10/30 v1.6 Latin Modern Fonts
LaTeX Font Info:    Overwriting symbol font `operators' in version `normal'
(Font)                  OT1/cmr/m/n --> OT1/lmr/m/n on input line 22.
LaTeX Font Info:    Overwriting symbol font `letters' in version `normal'
(Font)                  OML/cmm/m/it --> OML/lmm/m/it on input line 23.
LaTeX Font Info:    Overwriting symbol font `symbols' in version `normal'
(Font)                  OMS/cmsy/m/n --> OMS/lmsy/m/n on input line 24.
LaTeX Font Info:    Overwriting symbol font `largesymbols' in version `normal'
(Font)                  OMX/cmex/m/n --> OMX/lmex/m/n on input line 25.
LaTeX Font Info:    Overwriting symbol font `operators' in version `bold'
(Font)                  OT1/cmr/bx/n --> OT1/lmr/bx/n on input line 26.
LaTeX Font Info:    Overwriting symbol font `letters' in version `bold'
(Font)                  OML/cmm/b/it --> OML/lmm/b/it on input line 27.
LaTeX Font Info:    Overwriting symbol font `symbols' in version `bold'
(Font)                  OMS/cmsy/b/n --> OMS/lmsy/b/n on input line 28.
LaTeX Font Info:    Overwriting symbol font `largesymbols' in version `bold'
(Font)                  OMX/cmex/m/n --> OMX/lmex/m/n on input line 29.
LaTeX Font Info:    Overwriting math alphabet `\mathbf' in version `normal'
(Font)                  OT1/cmr/bx/n --> OT1/lmr/bx/n on input line 31.
LaTeX Font Info:    Overwriting math alphabet `\mathsf' in version `normal'
(Font)                  OT1/cmss/m/n --> OT1/lmss/m/n on input line 32.
LaTeX Font Info:    Overwriting math alphabet `\mathit' in version `normal'
(Font)                  OT1/cmr/m/it --> OT1/lmr/m/it on input line 33.
LaTeX Font Info:    Overwriting math alphabet `\mathtt' in version `normal'
(Font)                  OT1/cmtt/m/n --> OT1/lmtt/m/n on input line 34.
LaTeX Font Info:    Overwriting math alphabet `\mathbf' in version `bold'
(Font)                  OT1/cmr/bx/n --> OT1/lmr/bx/n on input line 35.
LaTeX Font Info:    Overwriting math alphabet `\mathsf' in version `bold'
(Font)                  OT1/cmss/bx/n --> OT1/lmss/bx/n on input line 36.
LaTeX Font Info:    Overwriting math alphabet `\mathit' in version `bold'
(Font)                  OT1/cmr/bx/it --> OT1/lmr/bx/it on input line 37.
LaTeX Font Info:    Overwriting math alphabet `\mathtt' in version `bold'
(Font)                  OT1/cmtt/m/n --> OT1/lmtt/m/n on input line 38.
) (/usr/local/texlive/2019/texmf-dist/tex/generic/iftex/iftex.sty
Package: iftex 2013/04/04 v0.2 Provides if(tex) conditional for PDFTeX, XeTeX, 
and LuaTeX
) (/usr/local/texlive/2019/texmf-dist/tex/latex/base/fontenc.sty
Package: fontenc 2018/08/11 v2.0j Standard LaTeX package
(/usr/local/texlive/2019/texmf-dist/tex/latex/base/t1enc.def
File: t1enc.def 2018/08/11 v2.0j Standard LaTeX file
LaTeX Font Info:    Redeclaring font encoding T1 on input line 48.
)) (/usr/local/texlive/2019/texmf-dist/tex/latex/base/inputenc.sty
Package: inputenc 2018/08/11 v1.3c Input encoding file
\inpenc@prehook=\toks19
\inpenc@posthook=\toks20
) (/usr/local/texlive/2019/texmf-dist/tex/latex/base/textcomp.sty
Package: textcomp 2018/08/11 v2.0j Standard LaTeX package
Package textcomp Info: Sub-encoding information:
(textcomp)               5 = only ISO-Adobe without \textcurrency
(textcomp)               4 = 5 + \texteuro
(textcomp)               3 = 4 + \textohm
(textcomp)               2 = 3 + \textestimated + \textcurrency
(textcomp)               1 = TS1 - \textcircled - \t
(textcomp)               0 = TS1 (full)
(textcomp)             Font families with sub-encoding setting implement
(textcomp)             only a restricted character set as indicated.
(textcomp)             Family '?' is the default used for unknown fonts.
(textcomp)             See the documentation for details.
Package textcomp Info: Setting ? sub-encoding to TS1/1 on input line 79.
(/usr/local/texlive/2019/texmf-dist/tex/latex/base/ts1enc.def
File: ts1enc.def 2001/06/05 v3.0e (jk/car/fm) Standard LaTeX file
Now handling font encoding TS1 ...
... processing UTF-8 mapping file for font encoding TS1
(/usr/local/texlive/2019/texmf-dist/tex/latex/base/ts1enc.dfu
File: ts1enc.dfu 2018/10/05 v1.2f UTF-8 support for inputenc
   defining Unicode char U+00A2 (decimal 162)
   defining Unicode char U+00A3 (decimal 163)
   defining Unicode char U+00A4 (decimal 164)
   defining Unicode char U+00A5 (decimal 165)
   defining Unicode char U+00A6 (decimal 166)
   defining Unicode char U+00A7 (decimal 167)
   defining Unicode char U+00A8 (decimal 168)
   defining Unicode char U+00A9 (decimal 169)
   defining Unicode char U+00AA (decimal 170)
   defining Unicode char U+00AC (decimal 172)
   defining Unicode char U+00AE (decimal 174)
   defining Unicode char U+00AF (decimal 175)
   defining Unicode char U+00B0 (decimal 176)
   defining Unicode char U+00B1 (decimal 177)
   defining Unicode char U+00B2 (decimal 178)
   defining Unicode char U+00B3 (decimal 179)
   defining Unicode char U+00B4 (decimal 180)
   defining Unicode char U+00B5 (decimal 181)
   defining Unicode char U+00B6 (decimal 182)
   defining Unicode char U+00B7 (decimal 183)
   defining Unicode char U+00B9 (decimal 185)
   defining Unicode char U+00BA (decimal 186)
   defining Unicode char U+00BC (decimal 188)
   defining Unicode char U+00BD (decimal 189)
   defining Unicode char U+00BE (decimal 190)
   defining Unicode char U+00D7 (decimal 215)
   defining Unicode char U+00F7 (decimal 247)
   defining Unicode char U+0192 (decimal 402)
   defining Unicode char U+02C7 (decimal 711)
   defining Unicode char U+02D8 (decimal 728)
   defining Unicode char U+02DD (decimal 733)
   defining Unicode char U+0E3F (decimal 3647)
   defining Unicode char U+2016 (decimal 8214)
   defining Unicode char U+2020 (decimal 8224)
   defining Unicode char U+2021 (decimal 8225)
   defining Unicode char U+2022 (decimal 8226)
   defining Unicode char U+2030 (decimal 8240)
   defining Unicode char U+2031 (decimal 8241)
   defining Unicode char U+203B (decimal 8251)
   defining Unicode char U+203D (decimal 8253)
   defining Unicode char U+2044 (decimal 8260)
   defining Unicode char U+204E (decimal 8270)
   defining Unicode char U+2052 (decimal 8274)
   defining Unicode char U+20A1 (decimal 8353)
   defining Unicode char U+20A4 (decimal 8356)
   defining Unicode char U+20A6 (decimal 8358)
   defining Unicode char U+20A9 (decimal 8361)
   defining Unicode char U+20AB (decimal 8363)
   defining Unicode char U+20AC (decimal 8364)
   defining Unicode char U+20B1 (decimal 8369)
   defining Unicode char U+2103 (decimal 8451)
   defining Unicode char U+2116 (decimal 8470)
   defining Unicode char U+2117 (decimal 8471)
   defining Unicode char U+211E (decimal 8478)
   defining Unicode char U+2120 (decimal 8480)
   defining Unicode char U+2122 (decimal 8482)
   defining Unicode char U+2126 (decimal 8486)
   defining Unicode char U+2127 (decimal 8487)
   defining Unicode char U+212E (decimal 8494)
   defining Unicode char U+2190 (decimal 8592)
   defining Unicode char U+2191 (decimal 8593)
   defining Unicode char U+2192 (decimal 8594)
   defining Unicode char U+2193 (decimal 8595)
   defining Unicode char U+2329 (decimal 9001)
   defining Unicode char U+232A (decimal 9002)
   defining Unicode char U+2422 (decimal 9250)
   defining Unicode char U+25E6 (decimal 9702)
   defining Unicode char U+25EF (decimal 9711)
   defining Unicode char U+266A (decimal 9834)
   defining Unicode char U+FEFF (decimal 65279)
))
LaTeX Info: Redefining \oldstylenums on input line 334.
Package textcomp Info: Setting cmr sub-encoding to TS1/0 on input line 349.
Package textcomp Info: Setting cmss sub-encoding to TS1/0 on input line 350.
Package textcomp Info: Setting cmtt sub-encoding to TS1/0 on input line 351.
Package textcomp Info: Setting cmvtt sub-encoding to TS1/0 on input line 352.
Package textcomp Info: Setting cmbr sub-encoding to TS1/0 on input line 353.
Package textcomp Info: Setting cmtl sub-encoding to TS1/0 on input line 354.
Package textcomp Info: Setting ccr sub-encoding to TS1/0 on input line 355.
Package textcomp Info: Setting ptm sub-encoding to TS1/4 on input line 356.
Package textcomp Info: Setting pcr sub-encoding to TS1/4 on input line 357.
Package textcomp Info: Setting phv sub-encoding to TS1/4 on input line 358.
Package textcomp Info: Setting ppl sub-encoding to TS1/3 on input line 359.
Package textcomp Info: Setting pag sub-encoding to TS1/4 on input line 360.
Package textcomp Info: Setting pbk sub-encoding to TS1/4 on input line 361.
Package textcomp Info: Setting pnc sub-encoding to TS1/4 on input line 362.
Package textcomp Info: Setting pzc sub-encoding to TS1/4 on input line 363.
Package textcomp Info: Setting bch sub-encoding to TS1/4 on input line 364.
Package textcomp Info: Setting put sub-encoding to TS1/5 on input line 365.
Package textcomp Info: Setting uag sub-encoding to TS1/5 on input line 366.
Package textcomp Info: Setting ugq sub-encoding to TS1/5 on input line 367.
Package textcomp Info: Setting ul8 sub-encoding to TS1/4 on input line 368.
Package textcomp Info: Setting ul9 sub-encoding to TS1/4 on input line 369.
Package textcomp Info: Setting augie sub-encoding to TS1/5 on input line 370.
Package textcomp Info: Setting dayrom sub-encoding to TS1/3 on input line 371.
Package textcomp Info: Setting dayroms sub-encoding to TS1/3 on input line 372.

Package textcomp Info: Setting pxr sub-encoding to TS1/0 on input line 373.
Package textcomp Info: Setting pxss sub-encoding to TS1/0 on input line 374.
Package textcomp Info: Setting pxtt sub-encoding to TS1/0 on input line 375.
Package textcomp Info: Setting txr sub-encoding to TS1/0 on input line 376.
Package textcomp Info: Setting txss sub-encoding to TS1/0 on input line 377.
Package textcomp Info: Setting txtt sub-encoding to TS1/0 on input line 378.
Package textcomp Info: Setting lmr sub-encoding to TS1/0 on input line 379.
Package textcomp Info: Setting lmdh sub-encoding to TS1/0 on input line 380.
Package textcomp Info: Setting lmss sub-encoding to TS1/0 on input line 381.
Package textcomp Info: Setting lmssq sub-encoding to TS1/0 on input line 382.
Package textcomp Info: Setting lmvtt sub-encoding to TS1/0 on input line 383.
Package textcomp Info: Setting lmtt sub-encoding to TS1/0 on input line 384.
Package textcomp Info: Setting qhv sub-encoding to TS1/0 on input line 385.
Package textcomp Info: Setting qag sub-encoding to TS1/0 on input line 386.
Package textcomp Info: Setting qbk sub-encoding to TS1/0 on input line 387.
Package textcomp Info: Setting qcr sub-encoding to TS1/0 on input line 388.
Package textcomp Info: Setting qcs sub-encoding to TS1/0 on input line 389.
Package textcomp Info: Setting qpl sub-encoding to TS1/0 on input line 390.
Package textcomp Info: Setting qtm sub-encoding to TS1/0 on input line 391.
Package textcomp Info: Setting qzc sub-encoding to TS1/0 on input line 392.
Package textcomp Info: Setting qhvc sub-encoding to TS1/0 on input line 393.
Package textcomp Info: Setting futs sub-encoding to TS1/4 on input line 394.
Package textcomp Info: Setting futx sub-encoding to TS1/4 on input line 395.
Package textcomp Info: Setting futj sub-encoding to TS1/4 on input line 396.
Package textcomp Info: Setting hlh sub-encoding to TS1/3 on input line 397.
Package textcomp Info: Setting hls sub-encoding to TS1/3 on input line 398.
Package textcomp Info: Setting hlst sub-encoding to TS1/3 on input line 399.
Package textcomp Info: Setting hlct sub-encoding to TS1/5 on input line 400.
Package textcomp Info: Setting hlx sub-encoding to TS1/5 on input line 401.
Package textcomp Info: Setting hlce sub-encoding to TS1/5 on input line 402.
Package textcomp Info: Setting hlcn sub-encoding to TS1/5 on input line 403.
Package textcomp Info: Setting hlcw sub-encoding to TS1/5 on input line 404.
Package textcomp Info: Setting hlcf sub-encoding to TS1/5 on input line 405.
Package textcomp Info: Setting pplx sub-encoding to TS1/3 on input line 406.
Package textcomp Info: Setting pplj sub-encoding to TS1/3 on input line 407.
Package textcomp Info: Setting ptmx sub-encoding to TS1/4 on input line 408.
Package textcomp Info: Setting ptmj sub-encoding to TS1/4 on input line 409.
) (/usr/local/texlive/2019/texmf-dist/tex/latex/upquote/upquote.sty
Package: upquote 2012/04/19 v1.3 upright-quote and grave-accent glyphs in verba
tim
) (/usr/local/texlive/2019/texmf-dist/tex/latex/microtype/microtype.sty
Package: microtype 2019/02/28 v2.7b Micro-typographical refinements (RS)
(/usr/local/texlive/2019/texmf-dist/tex/latex/graphics/keyval.sty
Package: keyval 2014/10/28 v1.15 key=value parser (DPC)
\KV@toks@=\toks21
)
\MT@toks=\toks22
\MT@count=\count100
LaTeX Info: Redefining \textls on input line 790.
\MT@outer@kern=\dimen112
LaTeX Info: Redefining \textmicrotypecontext on input line 1336.
\MT@listname@count=\count101
(/usr/local/texlive/2019/texmf-dist/tex/latex/microtype/microtype-pdftex.def
File: microtype-pdftex.def 2019/02/28 v2.7b Definitions specific to pdftex (RS)

LaTeX Info: Redefining \lsstyle on input line 914.
LaTeX Info: Redefining \lslig on input line 914.
\MT@outer@space=\skip46
)
Package microtype Info: Loading configuration file microtype.cfg.
(/usr/local/texlive/2019/texmf-dist/tex/latex/microtype/microtype.cfg
File: microtype.cfg 2019/02/28 v2.7b microtype main configuration file (RS)
)) (/usr/local/texlive/2019/texmf-dist/tex/latex/parskip/parskip.sty
Package: parskip 2019-01-16 v2.0c non-zero parskip adjustments
(/usr/local/texlive/2019/texmf-dist/tex/latex/oberdiek/kvoptions.sty
Package: kvoptions 2016/05/16 v3.12 Key value format for package options (HO)
(/usr/local/texlive/2019/texmf-dist/tex/generic/oberdiek/ltxcmds.sty
Package: ltxcmds 2016/05/16 v1.23 LaTeX kernel commands for general use (HO)
) (/usr/local/texlive/2019/texmf-dist/tex/generic/oberdiek/kvsetkeys.sty
Package: kvsetkeys 2016/05/16 v1.17 Key value parser (HO)
(/usr/local/texlive/2019/texmf-dist/tex/generic/oberdiek/infwarerr.sty
Package: infwarerr 2016/05/16 v1.4 Providing info/warning/error messages (HO)
) (/usr/local/texlive/2019/texmf-dist/tex/generic/oberdiek/etexcmds.sty
Package: etexcmds 2016/05/16 v1.6 Avoid name clashes with e-TeX commands (HO)
(/usr/local/texlive/2019/texmf-dist/tex/generic/oberdiek/ifluatex.sty
Package: ifluatex 2016/05/16 v1.4 Provides the ifluatex switch (HO)
Package ifluatex Info: LuaTeX not detected.
)))) (/usr/local/texlive/2019/texmf-dist/tex/latex/etoolbox/etoolbox.sty
Package: etoolbox 2018/08/19 v2.5f e-TeX tools for LaTeX (JAW)
\etb@tempcnta=\count102
)) (/usr/local/texlive/2019/texmf-dist/tex/latex/xcolor/xcolor.sty
Package: xcolor 2016/05/11 v2.12 LaTeX color extensions (UK)
(/usr/local/texlive/2019/texmf-dist/tex/latex/graphics-cfg/color.cfg
File: color.cfg 2016/01/02 v1.6 sample color configuration
)
Package xcolor Info: Driver file: pdftex.def on input line 225.
(/usr/local/texlive/2019/texmf-dist/tex/latex/graphics-def/pdftex.def
File: pdftex.def 2018/01/08 v1.0l Graphics/color driver for pdftex
)
Package xcolor Info: Model `cmy' substituted by `cmy0' on input line 1348.
Package xcolor Info: Model `hsb' substituted by `rgb' on input line 1352.
Package xcolor Info: Model `RGB' extended on input line 1364.
Package xcolor Info: Model `HTML' substituted by `rgb' on input line 1366.
Package xcolor Info: Model `Hsb' substituted by `hsb' on input line 1367.
Package xcolor Info: Model `tHsb' substituted by `hsb' on input line 1368.
Package xcolor Info: Model `HSB' substituted by `hsb' on input line 1369.
Package xcolor Info: Model `Gray' substituted by `gray' on input line 1370.
Package xcolor Info: Model `wave' substituted by `hsb' on input line 1371.
) (/usr/local/texlive/2019/texmf-dist/tex/latex/geometry/geometry.sty
Package: geometry 2018/04/16 v5.8 Page Geometry
(/usr/local/texlive/2019/texmf-dist/tex/generic/oberdiek/ifpdf.sty
Package: ifpdf 2018/09/07 v3.3 Provides the ifpdf switch
) (/usr/local/texlive/2019/texmf-dist/tex/generic/oberdiek/ifvtex.sty
Package: ifvtex 2016/05/16 v1.6 Detect VTeX and its facilities (HO)
Package ifvtex Info: VTeX not detected.
) (/usr/local/texlive/2019/texmf-dist/tex/generic/ifxetex/ifxetex.sty
Package: ifxetex 2010/09/12 v0.6 Provides ifxetex conditional
)
\Gm@cnth=\count103
\Gm@cntv=\count104
\c@Gm@tempcnt=\count105
\Gm@bindingoffset=\dimen113
\Gm@wd@mp=\dimen114
\Gm@odd@mp=\dimen115
\Gm@even@mp=\dimen116
\Gm@layoutwidth=\dimen117
\Gm@layoutheight=\dimen118
\Gm@layouthoffset=\dimen119
\Gm@layoutvoffset=\dimen120
\Gm@dimlist=\toks23
) (/usr/local/texlive/2019/texmf-dist/tex/latex/graphics/graphicx.sty
Package: graphicx 2017/06/01 v1.1a Enhanced LaTeX Graphics (DPC,SPQR)
(/usr/local/texlive/2019/texmf-dist/tex/latex/graphics/graphics.sty
Package: graphics 2017/06/25 v1.2c Standard LaTeX Graphics (DPC,SPQR)
(/usr/local/texlive/2019/texmf-dist/tex/latex/graphics/trig.sty
Package: trig 2016/01/03 v1.10 sin cos tan (DPC)
) (/usr/local/texlive/2019/texmf-dist/tex/latex/graphics-cfg/graphics.cfg
File: graphics.cfg 2016/06/04 v1.11 sample graphics configuration
)
Package graphics Info: Driver file: pdftex.def on input line 99.
)
\Gin@req@height=\dimen121
\Gin@req@width=\dimen122
) (/usr/local/texlive/2019/texmf-dist/tex/latex/oberdiek/bookmark.sty
Package: bookmark 2016/05/17 v1.26 PDF bookmarks (HO)
(/usr/local/texlive/2019/texmf-dist/tex/generic/oberdiek/pdfescape.sty
Package: pdfescape 2016/05/16 v1.14 Implements pdfTeX's escape features (HO)
(/usr/local/texlive/2019/texmf-dist/tex/generic/oberdiek/pdftexcmds.sty
Package: pdftexcmds 2018/09/10 v0.29 Utility functions of pdfTeX for LuaTeX (HO
)
Package pdftexcmds Info: LuaTeX not detected.
Package pdftexcmds Info: \pdf@primitive is available.
Package pdftexcmds Info: \pdf@ifprimitive is available.
Package pdftexcmds Info: \pdfdraftmode found.
)) (/usr/local/texlive/2019/texmf-dist/tex/latex/hyperref/hyperref.sty
Package: hyperref 2018/11/30 v6.88e Hypertext links for LaTeX
(/usr/local/texlive/2019/texmf-dist/tex/generic/oberdiek/hobsub-hyperref.sty
Package: hobsub-hyperref 2016/05/16 v1.14 Bundle oberdiek, subset hyperref (HO)

(/usr/local/texlive/2019/texmf-dist/tex/generic/oberdiek/hobsub-generic.sty
Package: hobsub-generic 2016/05/16 v1.14 Bundle oberdiek, subset generic (HO)
Package: hobsub 2016/05/16 v1.14 Construct package bundles (HO)
Package hobsub Info: Skipping package `infwarerr' (already loaded).
Package hobsub Info: Skipping package `ltxcmds' (already loaded).
Package hobsub Info: Skipping package `ifluatex' (already loaded).
Package hobsub Info: Skipping package `ifvtex' (already loaded).
Package: intcalc 2016/05/16 v1.2 Expandable calculations with integers (HO)
Package hobsub Info: Skipping package `ifpdf' (already loaded).
Package hobsub Info: Skipping package `etexcmds' (already loaded).
Package hobsub Info: Skipping package `kvsetkeys' (already loaded).
Package: kvdefinekeys 2016/05/16 v1.4 Define keys (HO)
Package hobsub Info: Skipping package `pdftexcmds' (already loaded).
Package hobsub Info: Skipping package `pdfescape' (already loaded).
Package: bigintcalc 2016/05/16 v1.4 Expandable calculations on big integers (HO
)
Package: bitset 2016/05/16 v1.2 Handle bit-vector datatype (HO)
Package: uniquecounter 2016/05/16 v1.3 Provide unlimited unique counter (HO)
)
Package hobsub Info: Skipping package `hobsub' (already loaded).
Package: letltxmacro 2016/05/16 v1.5 Let assignment for LaTeX macros (HO)
Package: hopatch 2016/05/16 v1.3 Wrapper for package hooks (HO)
Package: xcolor-patch 2016/05/16 xcolor patch
Package: atveryend 2016/05/16 v1.9 Hooks at the very end of document (HO)
Package: atbegshi 2016/06/09 v1.18 At begin shipout hook (HO)
Package: refcount 2016/05/16 v3.5 Data extraction from label references (HO)
Package: hycolor 2016/05/16 v1.8 Color options for hyperref/bookmark (HO)
) (/usr/local/texlive/2019/texmf-dist/tex/latex/oberdiek/auxhook.sty
Package: auxhook 2016/05/16 v1.4 Hooks for auxiliary files (HO)
)
\@linkdim=\dimen123
\Hy@linkcounter=\count106
\Hy@pagecounter=\count107
(/usr/local/texlive/2019/texmf-dist/tex/latex/hyperref/pd1enc.def
File: pd1enc.def 2018/11/30 v6.88e Hyperref: PDFDocEncoding definition (HO)
Now handling font encoding PD1 ...
... no UTF-8 mapping file for font encoding PD1
)
\Hy@SavedSpaceFactor=\count108
(/usr/local/texlive/2019/texmf-dist/tex/latex/latexconfig/hyperref.cfg
File: hyperref.cfg 2002/06/06 v1.2 hyperref configuration of TeXLive
)
Package hyperref Info: Option `unicode' set `true' on input line 4393.
(/usr/local/texlive/2019/texmf-dist/tex/latex/hyperref/puenc.def
File: puenc.def 2018/11/30 v6.88e Hyperref: PDF Unicode definition (HO)
Now handling font encoding PU ...
... no UTF-8 mapping file for font encoding PU
)
Package hyperref Info: Hyper figures OFF on input line 4519.
Package hyperref Info: Link nesting OFF on input line 4524.
Package hyperref Info: Hyper index ON on input line 4527.
Package hyperref Info: Plain pages OFF on input line 4534.
Package hyperref Info: Backreferencing OFF on input line 4539.
Package hyperref Info: Implicit mode ON; LaTeX internals redefined.
Package hyperref Info: Bookmarks ON on input line 4772.
\c@Hy@tempcnt=\count109
(/usr/local/texlive/2019/texmf-dist/tex/latex/url/url.sty
\Urlmuskip=\muskip11
Package: url 2013/09/16  ver 3.4  Verb mode for urls, etc.
)
LaTeX Info: Redefining \url on input line 5125.
\XeTeXLinkMargin=\dimen124
\Fld@menulength=\count110
\Field@Width=\dimen125
\Fld@charsize=\dimen126
Package hyperref Info: Hyper figures OFF on input line 6380.
Package hyperref Info: Link nesting OFF on input line 6385.
Package hyperref Info: Hyper index ON on input line 6388.
Package hyperref Info: backreferencing OFF on input line 6395.
Package hyperref Info: Link coloring OFF on input line 6400.
Package hyperref Info: Link coloring with OCG OFF on input line 6405.
Package hyperref Info: PDF/A mode OFF on input line 6410.
LaTeX Info: Redefining \ref on input line 6450.
LaTeX Info: Redefining \pageref on input line 6454.
\Hy@abspage=\count111
\c@Item=\count112
\c@Hfootnote=\count113
)
Package hyperref Info: Driver (autodetected): hpdftex.
(/usr/local/texlive/2019/texmf-dist/tex/latex/hyperref/hpdftex.def
File: hpdftex.def 2018/11/30 v6.88e Hyperref driver for pdfTeX
\Fld@listcount=\count114
\c@bookmark@seq@number=\count115
(/usr/local/texlive/2019/texmf-dist/tex/latex/oberdiek/rerunfilecheck.sty
Package: rerunfilecheck 2016/05/16 v1.8 Rerun checks for auxiliary files (HO)
Package uniquecounter Info: New unique counter `rerunfilecheck' on input line 2
82.
)
\Hy@SectionHShift=\skip47
) (/usr/local/texlive/2019/texmf-dist/tex/latex/oberdiek/bkm-pdftex.def
File: bkm-pdftex.def 2016/05/17 v1.26 bookmark driver for pdfTeX (HO)
\BKM@id=\count116
)) (/usr/local/texlive/2019/texmf-dist/tex/latex/xurl/xurl.sty
Package: xurl 2018/12/23 v 0.07 modify URL breaks
) (./Final.aux)
\openout1 = `Final.aux'.

LaTeX Font Info:    Checking defaults for OML/cmm/m/it on input line 77.
LaTeX Font Info:    ... okay on input line 77.
LaTeX Font Info:    Checking defaults for T1/cmr/m/n on input line 77.
LaTeX Font Info:    ... okay on input line 77.
LaTeX Font Info:    Checking defaults for OT1/cmr/m/n on input line 77.
LaTeX Font Info:    ... okay on input line 77.
LaTeX Font Info:    Checking defaults for OMS/cmsy/m/n on input line 77.
LaTeX Font Info:    ... okay on input line 77.
LaTeX Font Info:    Checking defaults for OMX/cmex/m/n on input line 77.
LaTeX Font Info:    ... okay on input line 77.
LaTeX Font Info:    Checking defaults for U/cmr/m/n on input line 77.
LaTeX Font Info:    ... okay on input line 77.
LaTeX Font Info:    Checking defaults for TS1/cmr/m/n on input line 77.
LaTeX Font Info:    Try loading font information for TS1+cmr on input line 77.
(/usr/local/texlive/2019/texmf-dist/tex/latex/base/ts1cmr.fd
File: ts1cmr.fd 2014/09/29 v2.5h Standard LaTeX font definitions
)
LaTeX Font Info:    ... okay on input line 77.
LaTeX Font Info:    Checking defaults for PD1/pdf/m/n on input line 77.
LaTeX Font Info:    ... okay on input line 77.
LaTeX Font Info:    Checking defaults for PU/pdf/m/n on input line 77.
LaTeX Font Info:    ... okay on input line 77.
LaTeX Font Info:    Try loading font information for T1+lmr on input line 77.
(/usr/local/texlive/2019/texmf-dist/tex/latex/lm/t1lmr.fd
File: t1lmr.fd 2009/10/30 v1.6 Font defs for Latin Modern
)
LaTeX Info: Redefining \microtypecontext on input line 77.
Package microtype Info: Generating PDF output.
Package microtype Info: Character protrusion enabled (level 2).
Package microtype Info: Using protrusion set `basicmath'.
Package microtype Info: Automatic font expansion enabled (level 2),
(microtype)             stretch: 20, shrink: 20, step: 1, non-selected.
Package microtype Info: Using default expansion set `basictext'.
Package microtype Info: No adjustment of tracking.
Package microtype Info: No adjustment of interword spacing.
Package microtype Info: No adjustment of character kerning.
(/usr/local/texlive/2019/texmf-dist/tex/latex/microtype/mt-cmr.cfg
File: mt-cmr.cfg 2013/05/19 v2.2 microtype config. file: Computer Modern Roman 
(RS)
) (/usr/local/texlive/2019/texmf-dist/tex/context/base/mkii/supp-pdf.mkii
[Loading MPS to PDF converter (version 2006.09.02).]
\scratchcounter=\count117
\scratchdimen=\dimen127
\scratchbox=\box29
\nofMPsegments=\count118
\nofMParguments=\count119
\everyMPshowfont=\toks24
\MPscratchCnt=\count120
\MPscratchDim=\dimen128
\MPnumerator=\count121
\makeMPintoPDFobject=\count122
\everyMPtoPDFconversion=\toks25
) (/usr/local/texlive/2019/texmf-dist/tex/latex/oberdiek/epstopdf-base.sty
Package: epstopdf-base 2016/05/15 v2.6 Base part for package epstopdf
(/usr/local/texlive/2019/texmf-dist/tex/latex/oberdiek/grfext.sty
Package: grfext 2016/05/16 v1.2 Manage graphics extensions (HO)
)
Package epstopdf-base Info: Redefining graphics rule for `.eps' on input line 4
38.
Package grfext Info: Graphics extension search list:
(grfext)             [.pdf,.png,.jpg,.mps,.jpeg,.jbig2,.jb2,.PDF,.PNG,.JPG,.JPE
G,.JBIG2,.JB2,.eps]
(grfext)             \AppendGraphicsExtensions on input line 456.
(/usr/local/texlive/2019/texmf-dist/tex/latex/latexconfig/epstopdf-sys.cfg
File: epstopdf-sys.cfg 2010/07/13 v1.3 Configuration of (r)epstopdf for TeX Liv
e
))
*geometry* driver: auto-detecting
*geometry* detected driver: pdftex
*geometry* verbose mode - [ preamble ] result:
* driver: pdftex
* paper: <default>
* layout: <same size as paper>
* layoutoffset:(h,v)=(0.0pt,0.0pt)
* modes: 
* h-part:(L,W,R)=(72.26999pt, 469.75502pt, 72.26999pt)
* v-part:(T,H,B)=(72.26999pt, 650.43001pt, 72.26999pt)
* \paperwidth=614.295pt
* \paperheight=794.96999pt
* \textwidth=469.75502pt
* \textheight=650.43001pt
* \oddsidemargin=0.0pt
* \evensidemargin=0.0pt
* \topmargin=-37.0pt
* \headheight=12.0pt
* \headsep=25.0pt
* \topskip=10.0pt
* \footskip=30.0pt
* \marginparwidth=65.0pt
* \marginparsep=11.0pt
* \columnsep=10.0pt
* \skip\footins=9.0pt plus 4.0pt minus 2.0pt
* \hoffset=0.0pt
* \voffset=0.0pt
* \mag=1000
* \@twocolumnfalse
* \@twosidefalse
* \@mparswitchfalse
* \@reversemarginfalse
* (1in=72.27pt=25.4mm, 1cm=28.453pt)

\AtBeginShipoutBox=\box30
Package hyperref Info: Link coloring OFF on input line 77.
(/usr/local/texlive/2019/texmf-dist/tex/latex/hyperref/nameref.sty
Package: nameref 2016/05/21 v2.44 Cross-referencing by name of section
(/usr/local/texlive/2019/texmf-dist/tex/generic/oberdiek/gettitlestring.sty
Package: gettitlestring 2016/05/16 v1.5 Cleanup title references (HO)
)
\c@section@level=\count123
)
LaTeX Info: Redefining \ref on input line 77.
LaTeX Info: Redefining \pageref on input line 77.
LaTeX Info: Redefining \nameref on input line 77.
LaTeX Font Info:    Try loading font information for OT1+lmr on input line 79.
(/usr/local/texlive/2019/texmf-dist/tex/latex/lm/ot1lmr.fd
File: ot1lmr.fd 2009/10/30 v1.6 Font defs for Latin Modern
)
LaTeX Font Info:    Try loading font information for OML+lmm on input line 79.
(/usr/local/texlive/2019/texmf-dist/tex/latex/lm/omllmm.fd
File: omllmm.fd 2009/10/30 v1.6 Font defs for Latin Modern
)
LaTeX Font Info:    Try loading font information for OMS+lmsy on input line 79.

(/usr/local/texlive/2019/texmf-dist/tex/latex/lm/omslmsy.fd
File: omslmsy.fd 2009/10/30 v1.6 Font defs for Latin Modern
)
LaTeX Font Info:    Try loading font information for OMX+lmex on input line 79.

(/usr/local/texlive/2019/texmf-dist/tex/latex/lm/omxlmex.fd
File: omxlmex.fd 2009/10/30 v1.6 Font defs for Latin Modern
)
LaTeX Font Info:    External font `lmex10' loaded for size
(Font)              <12> on input line 79.
LaTeX Font Info:    External font `lmex10' loaded for size
(Font)              <8> on input line 79.
LaTeX Font Info:    External font `lmex10' loaded for size
(Font)              <6> on input line 79.
LaTeX Font Info:    Try loading font information for U+msa on input line 79.
(/usr/local/texlive/2019/texmf-dist/tex/latex/amsfonts/umsa.fd
File: umsa.fd 2013/01/14 v3.01 AMS symbols A
) (/usr/local/texlive/2019/texmf-dist/tex/latex/microtype/mt-msa.cfg
File: mt-msa.cfg 2006/02/04 v1.1 microtype config. file: AMS symbols (a) (RS)
)
LaTeX Font Info:    Try loading font information for U+msb on input line 79.
(/usr/local/texlive/2019/texmf-dist/tex/latex/amsfonts/umsb.fd
File: umsb.fd 2013/01/14 v3.01 AMS symbols B
) (/usr/local/texlive/2019/texmf-dist/tex/latex/microtype/mt-msb.cfg
File: mt-msb.cfg 2005/06/01 v1.0 microtype config. file: AMS symbols (b) (RS)
)
<FQ1_a.jpeg, id=4, 1328.965pt x 1302.8675pt>
File: FQ1_a.jpeg Graphic file (type jpg)
<use FQ1_a.jpeg>
Package pdftex.def Info: FQ1_a.jpeg  used on input line 86.
(pdftex.def)             Requested size: 469.74791pt x 460.52324pt.
<FQ1_a_codes1.png, id=5, 1028.84375pt x 590.205pt>
File: FQ1_a_codes1.png Graphic file (type png)
<use FQ1_a_codes1.png>
Package pdftex.def Info: FQ1_a_codes1.png  used on input line 88.
(pdftex.def)             Requested size: 469.75732pt x 269.48029pt.
<FQ1_a_codes2.png, id=7, 1010.77625pt x 543.02875pt>
File: FQ1_a_codes2.png Graphic file (type png)
<use FQ1_a_codes2.png>
Package pdftex.def Info: FQ1_a_codes2.png  used on input line 88.
(pdftex.def)             Requested size: 469.75932pt x 252.37317pt.
<FQ1_a_codes3.png, id=8, 699.61375pt x 615.29875pt>
File: FQ1_a_codes3.png Graphic file (type png)
<use FQ1_a_codes3.png>
Package pdftex.def Info: FQ1_a_codes3.png  used on input line 89.
(pdftex.def)             Requested size: 469.76361pt x 413.14934pt.
<FQ1_a_codes4.png, id=9, 1021.8175pt x 393.47pt>
File: FQ1_a_codes4.png Graphic file (type png)
<use FQ1_a_codes4.png>
Package pdftex.def Info: FQ1_a_codes4.png  used on input line 90.
(pdftex.def)             Requested size: 469.74551pt x 180.88431pt.
<FQ1_a_codes5.png, id=10, 815.045pt x 678.535pt>
File: FQ1_a_codes5.png Graphic file (type png)
<use FQ1_a_codes5.png>
Package pdftex.def Info: FQ1_a_codes5.png  used on input line 91.
(pdftex.def)             Requested size: 469.75409pt x 391.07607pt.

Underfull \hbox (badness 10000) in paragraph at lines 86--92
[]
 []

[1

{/usr/local/texlive/2019/texmf-var/fonts/map/pdftex/updmap/pdftex.map}] [2 <./F
Q1_a.jpeg>] [3 <./FQ1_a_codes1.png> <./FQ1_a_codes2.png>] [4 <./FQ1_a_codes3.pn
g> <./FQ1_a_codes4.png>]
LaTeX Font Info:    External font `lmex10' loaded for size
(Font)              <10> on input line 96.
LaTeX Font Info:    External font `lmex10' loaded for size
(Font)              <7> on input line 96.
LaTeX Font Info:    External font `lmex10' loaded for size
(Font)              <5> on input line 96.
<FQ1_b_codes1.png, id=40, 604.2575pt x 567.11874pt>
File: FQ1_b_codes1.png Graphic file (type png)
<use FQ1_b_codes1.png>
Package pdftex.def Info: FQ1_b_codes1.png  used on input line 98.
(pdftex.def)             Requested size: 469.75153pt x 440.87975pt.
<FQ1_b_codes2.png, id=41, 1021.8175pt x 562.1pt>
File: FQ1_b_codes2.png Graphic file (type png)
<use FQ1_b_codes2.png>
Package pdftex.def Info: FQ1_b_codes2.png  used on input line 101.
(pdftex.def)             Requested size: 469.74551pt x 258.40617pt.
<FQ1_b_codes3.png, id=42, 792.9625pt x 635.37375pt>
File: FQ1_b_codes3.png Graphic file (type png)
<use FQ1_b_codes3.png>
Package pdftex.def Info: FQ1_b_codes3.png  used on input line 102.
(pdftex.def)             Requested size: 469.76765pt x 376.40877pt.
<FQ1_b_codes4.png, id=43, 1027.84pt x 425.59pt>
File: FQ1_b_codes4.png Graphic file (type png)
<use FQ1_b_codes4.png>
Package pdftex.def Info: FQ1_b_codes4.png  used on input line 103.
(pdftex.def)             Requested size: 469.75385pt x 194.50745pt.
<FQ1_b_codes5.png, id=44, 933.4875pt x 678.535pt>
File: FQ1_b_codes5.png Graphic file (type png)
<use FQ1_b_codes5.png>
Package pdftex.def Info: FQ1_b_codes5.png  used on input line 104.
(pdftex.def)             Requested size: 469.7623pt x 341.46162pt.
[5 <./FQ1_a_codes5.png>] [6 <./FQ1_b_codes1.png>] [7 <./FQ1_b_codes2.png> <./FQ
1_b_codes3.png>] [8 <./FQ1_b_codes4.png> <./FQ1_b_codes5.png>]
<Final_files/figure-latex/Question2-1.pdf, id=74, 459.7175pt x 313.17pt>
File: Final_files/figure-latex/Question2-1.pdf Graphic file (type pdf)
<use Final_files/figure-latex/Question2-1.pdf>
Package pdftex.def Info: Final_files/figure-latex/Question2-1.pdf  used on inpu
t line 121.
(pdftex.def)             Requested size: 459.7304pt x 313.17877pt.
<Final_files/figure-latex/Question2-2.pdf, id=75, 459.7175pt x 315.1775pt>
File: Final_files/figure-latex/Question2-2.pdf Graphic file (type pdf)
<use Final_files/figure-latex/Question2-2.pdf>
Package pdftex.def Info: Final_files/figure-latex/Question2-2.pdf  used on inpu
t line 122.
(pdftex.def)             Requested size: 459.74442pt x 315.19595pt.

Underfull \hbox (badness 10000) in paragraph at lines 121--123
[][]
 []

[9 <./Final_files/figure-latex/Question2-1.pdf>]
LaTeX Font Info:    Try loading font information for T1+lmtt on input line 124.

(/usr/local/texlive/2019/texmf-dist/tex/latex/lm/t1lmtt.fd
File: t1lmtt.fd 2009/10/30 v1.6 Font defs for Latin Modern
)
<Final_files/figure-latex/unnamed-chunk-1-1.pdf, id=93, 459.7175pt x 313.17pt>
File: Final_files/figure-latex/unnamed-chunk-1-1.pdf Graphic file (type pdf)
<use Final_files/figure-latex/unnamed-chunk-1-1.pdf>
Package pdftex.def Info: Final_files/figure-latex/unnamed-chunk-1-1.pdf  used o
n input line 134.
(pdftex.def)             Requested size: 459.7304pt x 313.17877pt.
<Final_files/figure-latex/unnamed-chunk-1-2.pdf, id=94, 459.7175pt x 315.1775pt
>
File: Final_files/figure-latex/unnamed-chunk-1-2.pdf Graphic file (type pdf)
<use Final_files/figure-latex/unnamed-chunk-1-2.pdf>
Package pdftex.def Info: Final_files/figure-latex/unnamed-chunk-1-2.pdf  used o
n input line 135.
(pdftex.def)             Requested size: 459.74442pt x 315.19595pt.

Underfull \hbox (badness 10000) in paragraph at lines 134--136
[][]
 []

[10 <./Final_files/figure-latex/Question2-2.pdf>] [11 <./Final_files/figure-lat
ex/unnamed-chunk-1-1.pdf> <./Final_files/figure-latex/unnamed-chunk-1-2.pdf>]
<Final_files/figure-latex/unnamed-chunk-2-1.pdf, id=128, 459.7175pt x 313.17pt>

File: Final_files/figure-latex/unnamed-chunk-2-1.pdf Graphic file (type pdf)
<use Final_files/figure-latex/unnamed-chunk-2-1.pdf>
Package pdftex.def Info: Final_files/figure-latex/unnamed-chunk-2-1.pdf  used o
n input line 143.
(pdftex.def)             Requested size: 459.7304pt x 313.17877pt.
<Final_files/figure-latex/unnamed-chunk-2-2.pdf, id=129, 459.7175pt x 315.1775p
t>
File: Final_files/figure-latex/unnamed-chunk-2-2.pdf Graphic file (type pdf)
<use Final_files/figure-latex/unnamed-chunk-2-2.pdf>
Package pdftex.def Info: Final_files/figure-latex/unnamed-chunk-2-2.pdf  used o
n input line 144.
(pdftex.def)             Requested size: 459.74442pt x 315.19595pt.

Underfull \hbox (badness 10000) in paragraph at lines 143--145
[][]
 []

[12 <./Final_files/figure-latex/unnamed-chunk-2-1.pdf>]
<Final_files/figure-latex/unnamed-chunk-3-1.pdf, id=142, 459.7175pt x 313.17pt>

File: Final_files/figure-latex/unnamed-chunk-3-1.pdf Graphic file (type pdf)
<use Final_files/figure-latex/unnamed-chunk-3-1.pdf>
Package pdftex.def Info: Final_files/figure-latex/unnamed-chunk-3-1.pdf  used o
n input line 152.
(pdftex.def)             Requested size: 459.7304pt x 313.17877pt.
<Final_files/figure-latex/unnamed-chunk-3-2.pdf, id=143, 459.7175pt x 315.1775p
t>
File: Final_files/figure-latex/unnamed-chunk-3-2.pdf Graphic file (type pdf)
<use Final_files/figure-latex/unnamed-chunk-3-2.pdf>
Package pdftex.def Info: Final_files/figure-latex/unnamed-chunk-3-2.pdf  used o
n input line 153.
(pdftex.def)             Requested size: 459.74442pt x 315.19595pt.

Underfull \hbox (badness 10000) in paragraph at lines 152--154
[][]
 []

[13 <./Final_files/figure-latex/unnamed-chunk-2-2.pdf>] [14 <./Final_files/figu
re-latex/unnamed-chunk-3-1.pdf> <./Final_files/figure-latex/unnamed-chunk-3-2.p
df>]
LaTeX Font Info:    Try loading font information for TS1+lmtt on input line 162
.
(/usr/local/texlive/2019/texmf-dist/tex/latex/lm/ts1lmtt.fd
File: ts1lmtt.fd 2009/10/30 v1.6 Font defs for Latin Modern
)
<Final_files/figure-latex/unnamed-chunk-4-1.pdf, id=178, 459.7175pt x 313.17pt>

File: Final_files/figure-latex/unnamed-chunk-4-1.pdf Graphic file (type pdf)
<use Final_files/figure-latex/unnamed-chunk-4-1.pdf>
Package pdftex.def Info: Final_files/figure-latex/unnamed-chunk-4-1.pdf  used o
n input line 164.
(pdftex.def)             Requested size: 459.7304pt x 313.17877pt.
<Final_files/figure-latex/unnamed-chunk-4-2.pdf, id=179, 459.7175pt x 315.1775p
t>
File: Final_files/figure-latex/unnamed-chunk-4-2.pdf Graphic file (type pdf)
<use Final_files/figure-latex/unnamed-chunk-4-2.pdf>
Package pdftex.def Info: Final_files/figure-latex/unnamed-chunk-4-2.pdf  used o
n input line 165.
(pdftex.def)             Requested size: 459.74442pt x 315.19595pt.

Underfull \hbox (badness 10000) in paragraph at lines 164--166
[][]
 []

[15 <./Final_files/figure-latex/unnamed-chunk-4-1.pdf>]
<Final_files/figure-latex/unnamed-chunk-5-1.pdf, id=193, 459.7175pt x 313.17pt>

File: Final_files/figure-latex/unnamed-chunk-5-1.pdf Graphic file (type pdf)
<use Final_files/figure-latex/unnamed-chunk-5-1.pdf>
Package pdftex.def Info: Final_files/figure-latex/unnamed-chunk-5-1.pdf  used o
n input line 179.
(pdftex.def)             Requested size: 459.7304pt x 313.17877pt.
<Final_files/figure-latex/unnamed-chunk-5-2.pdf, id=194, 459.7175pt x 315.1775p
t>
File: Final_files/figure-latex/unnamed-chunk-5-2.pdf Graphic file (type pdf)
<use Final_files/figure-latex/unnamed-chunk-5-2.pdf>
Package pdftex.def Info: Final_files/figure-latex/unnamed-chunk-5-2.pdf  used o
n input line 180.
(pdftex.def)             Requested size: 459.74442pt x 315.19595pt.

Underfull \hbox (badness 10000) in paragraph at lines 179--181
[]
 []

[16 <./Final_files/figure-latex/unnamed-chunk-4-2.pdf>]
Overfull \vbox (13.40295pt too high) has occurred while \output is active []

[17 <./Final_files/figure-latex/unnamed-chunk-5-1.pdf> <./Final_files/figure-la
tex/unnamed-chunk-5-2.pdf>]
<Final_files/figure-latex/unnamed-chunk-6-1.pdf, id=227, 459.7175pt x 313.17pt>

File: Final_files/figure-latex/unnamed-chunk-6-1.pdf Graphic file (type pdf)
<use Final_files/figure-latex/unnamed-chunk-6-1.pdf>
Package pdftex.def Info: Final_files/figure-latex/unnamed-chunk-6-1.pdf  used o
n input line 188.
(pdftex.def)             Requested size: 459.7304pt x 313.17877pt.
<Final_files/figure-latex/unnamed-chunk-6-2.pdf, id=228, 459.7175pt x 315.1775p
t>
File: Final_files/figure-latex/unnamed-chunk-6-2.pdf Graphic file (type pdf)
<use Final_files/figure-latex/unnamed-chunk-6-2.pdf>
Package pdftex.def Info: Final_files/figure-latex/unnamed-chunk-6-2.pdf  used o
n input line 189.
(pdftex.def)             Requested size: 459.74442pt x 315.19595pt.

Underfull \hbox (badness 10000) in paragraph at lines 188--190
[][]
 []

[18 <./Final_files/figure-latex/unnamed-chunk-6-1.pdf>]
<Final_files/figure-latex/unnamed-chunk-7-1.pdf, id=241, 459.7175pt x 313.17pt>

File: Final_files/figure-latex/unnamed-chunk-7-1.pdf Graphic file (type pdf)
<use Final_files/figure-latex/unnamed-chunk-7-1.pdf>
Package pdftex.def Info: Final_files/figure-latex/unnamed-chunk-7-1.pdf  used o
n input line 197.
(pdftex.def)             Requested size: 459.7304pt x 313.17877pt.
<Final_files/figure-latex/unnamed-chunk-7-2.pdf, id=242, 459.7175pt x 315.1775p
t>
File: Final_files/figure-latex/unnamed-chunk-7-2.pdf Graphic file (type pdf)
<use Final_files/figure-latex/unnamed-chunk-7-2.pdf>
Package pdftex.def Info: Final_files/figure-latex/unnamed-chunk-7-2.pdf  used o
n input line 198.
(pdftex.def)             Requested size: 459.74442pt x 315.19595pt.

Underfull \hbox (badness 10000) in paragraph at lines 197--199
[][]
 []

[19 <./Final_files/figure-latex/unnamed-chunk-6-2.pdf>] [20 <./Final_files/figu
re-latex/unnamed-chunk-7-1.pdf> <./Final_files/figure-latex/unnamed-chunk-7-2.p
df>]
<Final_files/figure-latex/unnamed-chunk-8-1.pdf, id=276, 459.7175pt x 313.17pt>

File: Final_files/figure-latex/unnamed-chunk-8-1.pdf Graphic file (type pdf)
<use Final_files/figure-latex/unnamed-chunk-8-1.pdf>
Package pdftex.def Info: Final_files/figure-latex/unnamed-chunk-8-1.pdf  used o
n input line 206.
(pdftex.def)             Requested size: 459.7304pt x 313.17877pt.
<Final_files/figure-latex/unnamed-chunk-8-2.pdf, id=277, 459.7175pt x 315.1775p
t>
File: Final_files/figure-latex/unnamed-chunk-8-2.pdf Graphic file (type pdf)
<use Final_files/figure-latex/unnamed-chunk-8-2.pdf>
Package pdftex.def Info: Final_files/figure-latex/unnamed-chunk-8-2.pdf  used o
n input line 207.
(pdftex.def)             Requested size: 459.74442pt x 315.19595pt.

Underfull \hbox (badness 10000) in paragraph at lines 206--208
[][]
 []

[21 <./Final_files/figure-latex/unnamed-chunk-8-1.pdf>]
<Final_files/figure-latex/unnamed-chunk-9-1.pdf, id=290, 459.7175pt x 313.17pt>

File: Final_files/figure-latex/unnamed-chunk-9-1.pdf Graphic file (type pdf)
<use Final_files/figure-latex/unnamed-chunk-9-1.pdf>
Package pdftex.def Info: Final_files/figure-latex/unnamed-chunk-9-1.pdf  used o
n input line 218.
(pdftex.def)             Requested size: 459.7304pt x 313.17877pt.
<Final_files/figure-latex/unnamed-chunk-9-2.pdf, id=291, 459.7175pt x 315.1775p
t>
File: Final_files/figure-latex/unnamed-chunk-9-2.pdf Graphic file (type pdf)
<use Final_files/figure-latex/unnamed-chunk-9-2.pdf>
Package pdftex.def Info: Final_files/figure-latex/unnamed-chunk-9-2.pdf  used o
n input line 219.
(pdftex.def)             Requested size: 459.74442pt x 315.19595pt.

Underfull \hbox (badness 10000) in paragraph at lines 218--220
[][]
 []

[22 <./Final_files/figure-latex/unnamed-chunk-8-2.pdf>] [23 <./Final_files/figu
re-latex/unnamed-chunk-9-1.pdf> <./Final_files/figure-latex/unnamed-chunk-9-2.p
df>]
Overfull \hbox (207.49301pt too wide) in paragraph at lines 231--231
[]\T1/lmtt/m/n/10 ## [1] "Following the order of Uniform(0,1), Normal(theta, 0.
01), , Normal(theta, 0.1), , Normal(theta, 0.5), , Normal(0.4, 0.1)"[] 
 []

<FQ3_a.jpeg, id=324, 1313.90875pt x 1282.7925pt>
File: FQ3_a.jpeg Graphic file (type jpg)
<use FQ3_a.jpeg>
Package pdftex.def Info: FQ3_a.jpeg  used on input line 273.
(pdftex.def)             Requested size: 469.75893pt x 458.63399pt.

LaTeX Warning: File `Final_files/figure-latex/Question 3-1.pdf' not found on in
put line 280.

<Final_files/figure-latex/Question 3-1.pdf, id=325, 459.7175pt x 315.1775pt>
File: Final_files/figure-latex/Question 3-1.pdf Graphic file (type pdf)
<use Final_files/figure-latex/Question 3-1.pdf>
Package pdftex.def Info: Final_files/figure-latex/Question 3-1.pdf  used on inp
ut line 280.
(pdftex.def)             Requested size: 459.74442pt x 315.19595pt.

LaTeX Warning: File `Final_files/figure-latex/Question 3-2.pdf' not found on in
put line 281.

<Final_files/figure-latex/Question 3-2.pdf, id=326, 459.7175pt x 315.1775pt>
File: Final_files/figure-latex/Question 3-2.pdf Graphic file (type pdf)
<use Final_files/figure-latex/Question 3-2.pdf>
Package pdftex.def Info: Final_files/figure-latex/Question 3-2.pdf  used on inp
ut line 281.
(pdftex.def)             Requested size: 459.74442pt x 315.19595pt.

LaTeX Warning: File `Final_files/figure-latex/Question 3-3.pdf' not found on in
put line 282.

<Final_files/figure-latex/Question 3-3.pdf, id=327, 459.7175pt x 315.1775pt>
File: Final_files/figure-latex/Question 3-3.pdf Graphic file (type pdf)
<use Final_files/figure-latex/Question 3-3.pdf>
Package pdftex.def Info: Final_files/figure-latex/Question 3-3.pdf  used on inp
ut line 282.
(pdftex.def)             Requested size: 459.74442pt x 315.19595pt.

LaTeX Warning: File `Final_files/figure-latex/Question 3-4.pdf' not found on in
put line 283.

<Final_files/figure-latex/Question 3-4.pdf, id=328, 459.7175pt x 315.1775pt>
File: Final_files/figure-latex/Question 3-4.pdf Graphic file (type pdf)
<use Final_files/figure-latex/Question 3-4.pdf>
Package pdftex.def Info: Final_files/figure-latex/Question 3-4.pdf  used on inp
ut line 283.
(pdftex.def)             Requested size: 459.74442pt x 315.19595pt.

LaTeX Warning: File `Final_files/figure-latex/Question 3-5.pdf' not found on in
put line 284.

<Final_files/figure-latex/Question 3-5.pdf, id=329, 459.7175pt x 315.1775pt>
File: Final_files/figure-latex/Question 3-5.pdf Graphic file (type pdf)
<use Final_files/figure-latex/Question 3-5.pdf>
Package pdftex.def Info: Final_files/figure-latex/Question 3-5.pdf  used on inp
ut line 284.
(pdftex.def)             Requested size: 459.74442pt x 315.19595pt.

LaTeX Warning: File `Final_files/figure-latex/Question 3-6.pdf' not found on in
put line 285.

<Final_files/figure-latex/Question 3-6.pdf, id=330, 459.7175pt x 315.1775pt>
File: Final_files/figure-latex/Question 3-6.pdf Graphic file (type pdf)
<use Final_files/figure-latex/Question 3-6.pdf>
Package pdftex.def Info: Final_files/figure-latex/Question 3-6.pdf  used on inp
ut line 285.
(pdftex.def)             Requested size: 459.74442pt x 315.19595pt.

LaTeX Warning: File `Final_files/figure-latex/Question 3-7.pdf' not found on in
put line 286.

<Final_files/figure-latex/Question 3-7.pdf, id=331, 459.7175pt x 315.1775pt>
File: Final_files/figure-latex/Question 3-7.pdf Graphic file (type pdf)
<use Final_files/figure-latex/Question 3-7.pdf>
Package pdftex.def Info: Final_files/figure-latex/Question 3-7.pdf  used on inp
ut line 286.
(pdftex.def)             Requested size: 459.74442pt x 315.19595pt.

LaTeX Warning: File `Final_files/figure-latex/Question 3-8.pdf' not found on in
put line 287.

<Final_files/figure-latex/Question 3-8.pdf, id=332, 459.7175pt x 315.1775pt>
File: Final_files/figure-latex/Question 3-8.pdf Graphic file (type pdf)
<use Final_files/figure-latex/Question 3-8.pdf>
Package pdftex.def Info: Final_files/figure-latex/Question 3-8.pdf  used on inp
ut line 287.
(pdftex.def)             Requested size: 459.74442pt x 315.19595pt.

LaTeX Warning: File `Final_files/figure-latex/Question 3-9.pdf' not found on in
put line 288.

<Final_files/figure-latex/Question 3-9.pdf, id=333, 459.7175pt x 315.1775pt>
File: Final_files/figure-latex/Question 3-9.pdf Graphic file (type pdf)
<use Final_files/figure-latex/Question 3-9.pdf>
Package pdftex.def Info: Final_files/figure-latex/Question 3-9.pdf  used on inp
ut line 288.
(pdftex.def)             Requested size: 459.74442pt x 315.19595pt.

Overfull \hbox (21.91139pt too wide) in paragraph at lines 280--289
\T1/lmr/m/n/10 (-20) 3-1.pdf []
 []


Overfull \hbox (21.91139pt too wide) in paragraph at lines 280--289
\T1/lmr/m/n/10 (-20) 3-2.pdf []
 []


Overfull \hbox (21.91139pt too wide) in paragraph at lines 280--289
\T1/lmr/m/n/10 (-20) 3-3.pdf []
 []


Overfull \hbox (21.91139pt too wide) in paragraph at lines 280--289
\T1/lmr/m/n/10 (-20) 3-4.pdf []
 []


Overfull \hbox (21.91139pt too wide) in paragraph at lines 280--289
\T1/lmr/m/n/10 (-20) 3-5.pdf []
 []


Overfull \hbox (21.91139pt too wide) in paragraph at lines 280--289
\T1/lmr/m/n/10 (-20) 3-6.pdf []
 []


Overfull \hbox (21.91139pt too wide) in paragraph at lines 280--289
\T1/lmr/m/n/10 (-20) 3-7.pdf []
 []


Overfull \hbox (21.91139pt too wide) in paragraph at lines 280--289
\T1/lmr/m/n/10 (-20) 3-8.pdf []
 []


Overfull \hbox (21.91139pt too wide) in paragraph at lines 280--289
\T1/lmr/m/n/10 (-20) 3-9.pdf [] 
 []

[24] [25 <./FQ3_a.jpeg>]
Overfull \vbox (44.72545pt too high) has occurred while \output is active []

[26 <./Final_files/figure-latex/Question 3-1.pdf> <./Final_files/figure-latex/Q
uestion 3-2.pdf>] [27 <./Final_files/figure-latex/Question 3-3.pdf> <./Final_fi
les/figure-latex/Question 3-4.pdf>] [28 <./Final_files/figure-latex/Question 3-
5.pdf> <./Final_files/figure-latex/Question 3-6.pdf>] [29 <./Final_files/figure
-latex/Question 3-7.pdf> <./Final_files/figure-latex/Question 3-8.pdf>]
<Final_files/figure-latex/unnamed-chunk-11-1.pdf, id=432, 459.7175pt x 315.1775
pt>
File: Final_files/figure-latex/unnamed-chunk-11-1.pdf Graphic file (type pdf)
<use Final_files/figure-latex/unnamed-chunk-11-1.pdf>
Package pdftex.def Info: Final_files/figure-latex/unnamed-chunk-11-1.pdf  used 
on input line 293.
(pdftex.def)             Requested size: 459.74442pt x 315.19595pt.
<Final_files/figure-latex/unnamed-chunk-11-2.pdf, id=433, 459.7175pt x 315.1775
pt>
File: Final_files/figure-latex/unnamed-chunk-11-2.pdf Graphic file (type pdf)
<use Final_files/figure-latex/unnamed-chunk-11-2.pdf>
Package pdftex.def Info: Final_files/figure-latex/unnamed-chunk-11-2.pdf  used 
on input line 294.
(pdftex.def)             Requested size: 459.74442pt x 315.19595pt.
<Final_files/figure-latex/unnamed-chunk-11-3.pdf, id=434, 459.7175pt x 315.1775
pt>
File: Final_files/figure-latex/unnamed-chunk-11-3.pdf Graphic file (type pdf)
<use Final_files/figure-latex/unnamed-chunk-11-3.pdf>
Package pdftex.def Info: Final_files/figure-latex/unnamed-chunk-11-3.pdf  used 
on input line 295.
(pdftex.def)             Requested size: 459.74442pt x 315.19595pt.
<Final_files/figure-latex/unnamed-chunk-11-4.pdf, id=435, 459.7175pt x 315.1775
pt>
File: Final_files/figure-latex/unnamed-chunk-11-4.pdf Graphic file (type pdf)
<use Final_files/figure-latex/unnamed-chunk-11-4.pdf>
Package pdftex.def Info: Final_files/figure-latex/unnamed-chunk-11-4.pdf  used 
on input line 296.
(pdftex.def)             Requested size: 459.74442pt x 315.19595pt.
<Final_files/figure-latex/unnamed-chunk-11-5.pdf, id=436, 459.7175pt x 315.1775
pt>
File: Final_files/figure-latex/unnamed-chunk-11-5.pdf Graphic file (type pdf)
<use Final_files/figure-latex/unnamed-chunk-11-5.pdf>
Package pdftex.def Info: Final_files/figure-latex/unnamed-chunk-11-5.pdf  used 
on input line 297.
(pdftex.def)             Requested size: 459.74442pt x 315.19595pt.
<Final_files/figure-latex/unnamed-chunk-11-6.pdf, id=437, 459.7175pt x 315.1775
pt>
File: Final_files/figure-latex/unnamed-chunk-11-6.pdf Graphic file (type pdf)
<use Final_files/figure-latex/unnamed-chunk-11-6.pdf>
Package pdftex.def Info: Final_files/figure-latex/unnamed-chunk-11-6.pdf  used 
on input line 298.
(pdftex.def)             Requested size: 459.74442pt x 315.19595pt.

Underfull \hbox (badness 10000) in paragraph at lines 293--299
[]
 []


Underfull \hbox (badness 10000) in paragraph at lines 293--299
[]
 []


Underfull \hbox (badness 10000) in paragraph at lines 293--299
[]
 []


Underfull \hbox (badness 10000) in paragraph at lines 293--299
[]
 []


Underfull \hbox (badness 10000) in paragraph at lines 293--299
[]
 []

[30 <./Final_files/figure-latex/Question 3-9.pdf>] [31 <./Final_files/figure-la
tex/unnamed-chunk-11-1.pdf> <./Final_files/figure-latex/unnamed-chunk-11-2.pdf>
] [32 <./Final_files/figure-latex/unnamed-chunk-11-3.pdf> <./Final_files/figure
-latex/unnamed-chunk-11-4.pdf>] [33 <./Final_files/figure-latex/unnamed-chunk-1
1-5.pdf> <./Final_files/figure-latex/unnamed-chunk-11-6.pdf>]
<Final_files/figure-latex/unnamed-chunk-12-1.pdf, id=514, 459.7175pt x 313.17pt
>
File: Final_files/figure-latex/unnamed-chunk-12-1.pdf Graphic file (type pdf)
<use Final_files/figure-latex/unnamed-chunk-12-1.pdf>
Package pdftex.def Info: Final_files/figure-latex/unnamed-chunk-12-1.pdf  used 
on input line 310.
(pdftex.def)             Requested size: 459.7304pt x 313.17877pt.
<Final_files/figure-latex/unnamed-chunk-12-2.pdf, id=515, 459.7175pt x 313.17pt
>
File: Final_files/figure-latex/unnamed-chunk-12-2.pdf Graphic file (type pdf)
<use Final_files/figure-latex/unnamed-chunk-12-2.pdf>
Package pdftex.def Info: Final_files/figure-latex/unnamed-chunk-12-2.pdf  used 
on input line 311.
(pdftex.def)             Requested size: 459.7304pt x 313.17877pt.
<Final_files/figure-latex/unnamed-chunk-12-3.pdf, id=516, 418.56375pt x 308.151
25pt>
File: Final_files/figure-latex/unnamed-chunk-12-3.pdf Graphic file (type pdf)
<use Final_files/figure-latex/unnamed-chunk-12-3.pdf>
Package pdftex.def Info: Final_files/figure-latex/unnamed-chunk-12-3.pdf  used 
on input line 312.
(pdftex.def)             Requested size: 418.56271pt x 308.15048pt.

Underfull \hbox (badness 10000) in paragraph at lines 310--315
[]
 []


Underfull \hbox (badness 10000) in paragraph at lines 310--315
[]
 []


Underfull \hbox (badness 10000) in paragraph at lines 310--315
[] \T1/lmr/m/n/10 (+20) Eval-u-ate
 []

[34]
Overfull \vbox (18.28842pt too high) has occurred while \output is active []

[35 <./Final_files/figure-latex/unnamed-chunk-12-1.pdf> <./Final_files/figure-l
atex/unnamed-chunk-12-2.pdf>]
<Final_files/figure-latex/unnamed-chunk-13-1.pdf, id=543, 429.605pt x 283.0575p
t>
File: Final_files/figure-latex/unnamed-chunk-13-1.pdf Graphic file (type pdf)
<use Final_files/figure-latex/unnamed-chunk-13-1.pdf>
Package pdftex.def Info: Final_files/figure-latex/unnamed-chunk-13-1.pdf  used 
on input line 319.
(pdftex.def)             Requested size: 429.61049pt x 283.06111pt.
<Final_files/figure-latex/unnamed-chunk-14-1.pdf, id=544, 434.62375pt x 248.93p
t>
File: Final_files/figure-latex/unnamed-chunk-14-1.pdf Graphic file (type pdf)
<use Final_files/figure-latex/unnamed-chunk-14-1.pdf>
Package pdftex.def Info: Final_files/figure-latex/unnamed-chunk-14-1.pdf  used 
on input line 321.
(pdftex.def)             Requested size: 434.6293pt x 248.93317pt.
<Final_files/figure-latex/unnamed-chunk-14-2.pdf, id=545, 434.62375pt x 248.93p
t>
File: Final_files/figure-latex/unnamed-chunk-14-2.pdf Graphic file (type pdf)
<use Final_files/figure-latex/unnamed-chunk-14-2.pdf>
Package pdftex.def Info: Final_files/figure-latex/unnamed-chunk-14-2.pdf  used 
on input line 322.
(pdftex.def)             Requested size: 434.6293pt x 248.93317pt.
<Final_files/figure-latex/unnamed-chunk-14-3.pdf, id=546, 422.57875pt x 283.057
5pt>
File: Final_files/figure-latex/unnamed-chunk-14-3.pdf Graphic file (type pdf)
<use Final_files/figure-latex/unnamed-chunk-14-3.pdf>
Package pdftex.def Info: Final_files/figure-latex/unnamed-chunk-14-3.pdf  used 
on input line 323.
(pdftex.def)             Requested size: 422.5906pt x 283.06543pt.

Underfull \hbox (badness 10000) in paragraph at lines 319--324
[]
 []


Underfull \hbox (badness 10000) in paragraph at lines 319--324
[]
 []

[36 <./Final_files/figure-latex/unnamed-chunk-12-3.pdf>] [37 <./Final_files/fig
ure-latex/unnamed-chunk-13-1.pdf> <./Final_files/figure-latex/unnamed-chunk-14-
1.pdf>]
<FQ5_c.jpeg, id=580, 1418.29875pt x 810.02625pt>
File: FQ5_c.jpeg Graphic file (type jpg)
<use FQ5_c.jpeg>
Package pdftex.def Info: FQ5_c.jpeg  used on input line 327.
(pdftex.def)             Requested size: 469.74971pt x 268.28592pt.
Package atveryend Info: Empty hook `BeforeClearDocument' on input line 331.
[38 <./Final_files/figure-latex/unnamed-chunk-14-2.pdf> <./Final_files/figure-l
atex/unnamed-chunk-14-3.pdf>] [39 <./FQ5_c.jpeg>]
Package atveryend Info: Empty hook `AfterLastShipout' on input line 331.
(./Final.aux)
Package atveryend Info: Executing hook `AtVeryEndDocument' on input line 331.
Package atveryend Info: Empty hook `AtEndAfterFileList' on input line 331.
 ) 
Here is how much of TeX's memory you used:
 13372 strings out of 492616
 201314 string characters out of 6129481
 302504 words of memory out of 5000000
 16932 multiletter control sequences out of 15000+600000
 51743 words of font info for 72 fonts, out of 8000000 for 9000
 1141 hyphenation exceptions out of 8191
 37i,6n,38p,1416b,372s stack positions out of 5000i,500n,10000p,200000b,80000s
{/usr/local/texlive/2019/texmf-dist/fonts/enc/dvips/lm/lm-ts1.enc}{/usr/local
/texlive/2019/texmf-dist/fonts/enc/dvips/lm/lm-ec.enc}{/usr/local/texlive/2019/
texmf-dist/fonts/enc/dvips/lm/lm-rm.enc}{/usr/local/texlive/2019/texmf-dist/fon
ts/enc/dvips/lm/lm-mathit.enc}</usr/local/texlive/2019/texmf-dist/fonts/type1/p
ublic/lm/lmbx10.pfb></usr/local/texlive/2019/texmf-dist/fonts/type1/public/lm/l
mbx12.pfb></usr/local/texlive/2019/texmf-dist/fonts/type1/public/lm/lmmi10.pfb>
</usr/local/texlive/2019/texmf-dist/fonts/type1/public/lm/lmr10.pfb></usr/local
/texlive/2019/texmf-dist/fonts/type1/public/lm/lmr12.pfb></usr/local/texlive/20
19/texmf-dist/fonts/type1/public/lm/lmr17.pfb></usr/local/texlive/2019/texmf-di
st/fonts/type1/public/lm/lmr7.pfb></usr/local/texlive/2019/texmf-dist/fonts/typ
e1/public/lm/lmtt10.pfb>
Output written on Final.pdf (39 pages, 9355062 bytes).
PDF statistics:
 732 PDF objects out of 1000 (max. 8388607)
 528 compressed objects within 6 object streams
 88 named destinations out of 1000 (max. 500000)
 10700 words of extra memory for PDF output out of 12000 (max. 10000000)

